martes, 23 de abril de 2019 Info: Empezando a ejecutar el metodo logica de negocio para crear un empleado Insertar EmpleadoBrl
23/04/2019 8:49:13 Info: Empezando a ejecutar el metodo acceso a datos para crear un empleado Insertar EmpleadoDal
23/04/2019 8:49:13 Info: Empezando a ejecutar el metodo acceso a datos para crear un persona Insertar PersonaDal
23/04/2019 8:49:13 Info: Empezando a ejecutar el metodo acceso a datos para crear un usuario InsertarTransaccion UsuarioDal
23/04/2019 8:49:13 23/04/2019 8:49:13 Info: Termino de ejecutar  el metodo acceso a datos para insertar usuario InsertarTransaccion UsuarioDal
23/04/2019 8:49:13 Info: Empezando a ejecutar el metodo acceso a datos para crear un telefono Insertar TelefonoDal
23/04/2019 8:49:13 23/04/2019 8:49:13 Info: Termino de ejecutar  el metodo acceso a datos para insertar telefono Insertar TelefonoDal
23/04/2019 8:49:13 Info: Empezando a ejecutar el metodo acceso a datos para crear un telefono Insertar TelefonoDal
23/04/2019 8:49:13 23/04/2019 8:49:13 Info: Termino de ejecutar  el metodo acceso a datos para insertar telefono Insertar TelefonoDal
23/04/2019 8:49:13 23/04/2019 8:49:13 Info: Termino de ejecutar  el metodo acceso a datos para insertar persona Insertar PersonaDal
23/04/2019 8:49:13 23/04/2019 8:49:13 Info: Termino de ejecutar  el metodo acceso a datos para insertar empleado Insertar EmpleadoDal
23/04/2019 8:49 Info: Termino de ejecutar  el metodo logica de negocio para insertar empleado Insertar EmpleadoBrl
martes, 23 de abril de 2019 Info: Empezando a ejecutar el metodo logica de negocio para crear un empleado Insertar EmpleadoBrl
23/04/2019 8:49:51 Info: Empezando a ejecutar el metodo acceso a datos para crear un empleado Insertar EmpleadoDal
23/04/2019 8:49:51 Info: Empezando a ejecutar el metodo acceso a datos para crear un persona Insertar PersonaDal
23/04/2019 8:49:51 Info: Empezando a ejecutar el metodo acceso a datos para crear un usuario InsertarTransaccion UsuarioDal
23/04/2019 8:49:51 23/04/2019 8:49:51 Info: Termino de ejecutar  el metodo acceso a datos para insertar usuario InsertarTransaccion UsuarioDal
23/04/2019 8:49:51 Info: Empezando a ejecutar el metodo acceso a datos para crear un telefono Insertar TelefonoDal
23/04/2019 8:49:51 23/04/2019 8:49:51 Info: Termino de ejecutar  el metodo acceso a datos para insertar telefono Insertar TelefonoDal
23/04/2019 8:49:51 Info: Empezando a ejecutar el metodo acceso a datos para crear un telefono Insertar TelefonoDal
23/04/2019 8:49:51 23/04/2019 8:49:51 Info: Termino de ejecutar  el metodo acceso a datos para insertar telefono Insertar TelefonoDal
23/04/2019 8:49:51 23/04/2019 8:49:51 Info: Termino de ejecutar  el metodo acceso a datos para insertar persona Insertar PersonaDal
23/04/2019 8:49:51 23/04/2019 8:49:51 Info: Termino de ejecutar  el metodo acceso a datos para insertar empleado Insertar EmpleadoDal
23/04/2019 8:49 Info: Termino de ejecutar  el metodo logica de negocio para insertar empleado Insertar EmpleadoBrl
martes, 23 de abril de 2019 Info: Empezando a ejecutar el metodo logica de negocio para crear un empleado Insertar EmpleadoBrl
23/04/2019 8:50:46 Info: Empezando a ejecutar el metodo acceso a datos para crear un empleado Insertar EmpleadoDal
23/04/2019 8:50:46 Info: Empezando a ejecutar el metodo acceso a datos para crear un persona Insertar PersonaDal
23/04/2019 8:50:46 Info: Empezando a ejecutar el metodo acceso a datos para crear un usuario InsertarTransaccion UsuarioDal
23/04/2019 8:50:46 23/04/2019 8:50:46 Info: Termino de ejecutar  el metodo acceso a datos para insertar usuario InsertarTransaccion UsuarioDal
23/04/2019 8:50:46 Info: Empezando a ejecutar el metodo acceso a datos para crear un telefono Insertar TelefonoDal
23/04/2019 8:50:46 23/04/2019 8:50:46 Info: Termino de ejecutar  el metodo acceso a datos para insertar telefono Insertar TelefonoDal
23/04/2019 8:50:46 Info: Empezando a ejecutar el metodo acceso a datos para crear un telefono Insertar TelefonoDal
23/04/2019 8:50:46 23/04/2019 8:50:46 Info: Termino de ejecutar  el metodo acceso a datos para insertar telefono Insertar TelefonoDal
23/04/2019 8:50:46 23/04/2019 8:50:46 Info: Termino de ejecutar  el metodo acceso a datos para insertar persona Insertar PersonaDal
23/04/2019 8:50:46 23/04/2019 8:50:46 Info: Termino de ejecutar  el metodo acceso a datos para insertar empleado Insertar EmpleadoDal
23/04/2019 8:50 Info: Termino de ejecutar  el metodo logica de negocio para insertar empleado Insertar EmpleadoBrl
martes, 23 de abril de 2019 Info: Empezando a ejecutar el metodo logica de negocio para crear un empleado Insertar EmpleadoBrl
23/04/2019 8:51:22 Info: Empezando a ejecutar el metodo acceso a datos para crear un empleado Insertar EmpleadoDal
23/04/2019 8:51:22 Info: Empezando a ejecutar el metodo acceso a datos para crear un persona Insertar PersonaDal
23/04/2019 8:51:22 Info: Empezando a ejecutar el metodo acceso a datos para crear un usuario InsertarTransaccion UsuarioDal
23/04/2019 8:51:22 23/04/2019 8:51:22 Info: Termino de ejecutar  el metodo acceso a datos para insertar usuario InsertarTransaccion UsuarioDal
23/04/2019 8:51:22 Info: Empezando a ejecutar el metodo acceso a datos para crear un telefono Insertar TelefonoDal
23/04/2019 8:51:22 23/04/2019 8:51:22 Info: Termino de ejecutar  el metodo acceso a datos para insertar telefono Insertar TelefonoDal
23/04/2019 8:51:22 Info: Empezando a ejecutar el metodo acceso a datos para crear un telefono Insertar TelefonoDal
23/04/2019 8:51:22 23/04/2019 8:51:22 Info: Termino de ejecutar  el metodo acceso a datos para insertar telefono Insertar TelefonoDal
23/04/2019 8:51:22 23/04/2019 8:51:22 Info: Termino de ejecutar  el metodo acceso a datos para insertar persona Insertar PersonaDal
23/04/2019 8:51:22 23/04/2019 8:51:22 Info: Termino de ejecutar  el metodo acceso a datos para insertar empleado Insertar EmpleadoDal
23/04/2019 8:51 Info: Termino de ejecutar  el metodo logica de negocio para insertar empleado Insertar EmpleadoBrl
martes, 23 de abril de 2019 Info: Empezando a ejecutar el metodo logica de negocio para crear un empleado Insertar EmpleadoBrl
23/04/2019 8:52:15 Info: Empezando a ejecutar el metodo acceso a datos para crear un empleado Insertar EmpleadoDal
23/04/2019 8:52:15 Info: Empezando a ejecutar el metodo acceso a datos para crear un persona Insertar PersonaDal
23/04/2019 8:52:15 Info: Empezando a ejecutar el metodo acceso a datos para crear un usuario InsertarTransaccion UsuarioDal
23/04/2019 8:52:15 23/04/2019 8:52:15 Info: Termino de ejecutar  el metodo acceso a datos para insertar usuario InsertarTransaccion UsuarioDal
23/04/2019 8:52:15 Info: Empezando a ejecutar el metodo acceso a datos para crear un telefono Insertar TelefonoDal
23/04/2019 8:52:15 23/04/2019 8:52:15 Info: Termino de ejecutar  el metodo acceso a datos para insertar telefono Insertar TelefonoDal
23/04/2019 8:52:15 Info: Empezando a ejecutar el metodo acceso a datos para crear un telefono Insertar TelefonoDal
23/04/2019 8:52:15 23/04/2019 8:52:15 Info: Termino de ejecutar  el metodo acceso a datos para insertar telefono Insertar TelefonoDal
23/04/2019 8:52:15 23/04/2019 8:52:15 Info: Termino de ejecutar  el metodo acceso a datos para insertar persona Insertar PersonaDal
23/04/2019 8:52:15 23/04/2019 8:52:15 Info: Termino de ejecutar  el metodo acceso a datos para insertar empleado Insertar EmpleadoDal
23/04/2019 8:52 Info: Termino de ejecutar  el metodo logica de negocio para insertar empleado Insertar EmpleadoBrl
martes, 23 de abril de 2019 Info: Empezando a ejecutar el metodo logica de negocio para crear un empleado Insertar EmpleadoBrl
martes, 23 de abril de 2019 Info: Empezando a ejecutar el metodo logica de negocio para crear un empleado Insertar EmpleadoBrl
23/04/2019 8:54:59 Info: Empezando a ejecutar el metodo acceso a datos para crear un empleado Insertar EmpleadoDal
23/04/2019 8:55:58 Info: Empezando a ejecutar el metodo acceso a datos para crear un persona Insertar PersonaDal
23/04/2019 8:59:32 Info: Empezando a ejecutar el metodo acceso a datos para crear un usuario InsertarTransaccion UsuarioDal
23/04/2019 8:59:55 23/04/2019 8:59:55 Info: Termino de ejecutar  el metodo acceso a datos para insertar usuario InsertarTransaccion UsuarioDal
23/04/2019 9:00:42 Info: Empezando a ejecutar el metodo acceso a datos para crear un telefono Insertar TelefonoDal
23/04/2019 9:01:21 23/04/2019 9:01:21 Info: Termino de ejecutar  el metodo acceso a datos para insertar telefono Insertar TelefonoDal
23/04/2019 9:01:55 Info: Empezando a ejecutar el metodo acceso a datos para crear un telefono Insertar TelefonoDal
23/04/2019 9:02:41 23/04/2019 9:02:41 Info: Termino de ejecutar  el metodo acceso a datos para insertar telefono Insertar TelefonoDal
23/04/2019 9:02:51 23/04/2019 9:02:51 Info: Termino de ejecutar  el metodo acceso a datos para insertar persona Insertar PersonaDal
23/04/2019 9:04:29 23/04/2019 9:04:29 Info: Termino de ejecutar  el metodo acceso a datos para insertar empleado Insertar EmpleadoDal
23/04/2019 9:04 Info: Termino de ejecutar  el metodo logica de negocio para insertar empleado Insertar EmpleadoBrl
